-------------------------------------------------------------------------------
Test set: ru.kaz.TransportSystemTest
-------------------------------------------------------------------------------
Tests run: 1, Failures: 1, Errors: 0, Skipped: 0, Time elapsed: 0.003 sec <<< FAILURE!
ru.kaz.TransportSystemTest.testTest()  Time elapsed: 0.002 sec  <<< FAILURE!
java.lang.NullPointerException
	at ru.kaz.TransportSystemTest.testTest(TransportSystemTest.java:39)

